This is pdfTeX, Version 3.14159265-2.6-1.40.19 (TeX Live 2018) (preloaded format=pdflatex 2018.11.25)  5 DEC 2019 15:00
entering extended mode
 restricted \write18 enabled.
 %&-line parsing enabled.
**MTT_reveyrand.tex
(./MTT_reveyrand.tex
LaTeX2e <2018-04-01> patch level 2
Babel <3.18> and hyphenation patterns for 84 language(s) loaded.
(./IEEEtran.cls
Document Class: IEEEtran 2007/03/05 V1.7a by Michael Shell
-- See the "IEEEtran_HOWTO" manual for usage information.
-- http://www.michaelshell.org/tex/ieeetran/
\@IEEEtrantmpdimenA=\dimen102
\@IEEEtrantmpdimenB=\dimen103
\@IEEEtrantmpcountA=\count80
\@IEEEtrantmpcountB=\count81
\@IEEEtrantmptoksA=\toks14
LaTeX Font Info:    Try loading font information for OT1+ptm on input line 366.

(/usr/local/texlive/2018/texmf-dist/tex/latex/psnfss/ot1ptm.fd
File: ot1ptm.fd 2001/06/04 font definitions for OT1/ptm.
)
-- Using 8.5in x 11in (letter) paper.
-- Using PDF output.
\@IEEEnormalsizeunitybaselineskip=\dimen104
-- This is a 10 point document.
\CLASSINFOnormalsizebaselineskip=\dimen105
\CLASSINFOnormalsizeunitybaselineskip=\dimen106
\IEEEnormaljot=\dimen107
LaTeX Font Info:    Font shape `OT1/ptm/bx/n' in size <5> not available
(Font)              Font shape `OT1/ptm/b/n' tried instead on input line 724.
LaTeX Font Info:    Font shape `OT1/ptm/bx/it' in size <5> not available
(Font)              Font shape `OT1/ptm/b/it' tried instead on input line 724.
LaTeX Font Info:    Font shape `OT1/ptm/bx/n' in size <7> not available
(Font)              Font shape `OT1/ptm/b/n' tried instead on input line 724.
LaTeX Font Info:    Font shape `OT1/ptm/bx/it' in size <7> not available
(Font)              Font shape `OT1/ptm/b/it' tried instead on input line 724.
LaTeX Font Info:    Font shape `OT1/ptm/bx/n' in size <8> not available
(Font)              Font shape `OT1/ptm/b/n' tried instead on input line 724.
LaTeX Font Info:    Font shape `OT1/ptm/bx/it' in size <8> not available
(Font)              Font shape `OT1/ptm/b/it' tried instead on input line 724.
LaTeX Font Info:    Font shape `OT1/ptm/bx/n' in size <9> not available
(Font)              Font shape `OT1/ptm/b/n' tried instead on input line 724.
LaTeX Font Info:    Font shape `OT1/ptm/bx/it' in size <9> not available
(Font)              Font shape `OT1/ptm/b/it' tried instead on input line 724.
LaTeX Font Info:    Font shape `OT1/ptm/bx/n' in size <10> not available
(Font)              Font shape `OT1/ptm/b/n' tried instead on input line 724.
LaTeX Font Info:    Font shape `OT1/ptm/bx/it' in size <10> not available
(Font)              Font shape `OT1/ptm/b/it' tried instead on input line 724.
LaTeX Font Info:    Font shape `OT1/ptm/bx/n' in size <11> not available
(Font)              Font shape `OT1/ptm/b/n' tried instead on input line 724.
LaTeX Font Info:    Font shape `OT1/ptm/bx/it' in size <11> not available
(Font)              Font shape `OT1/ptm/b/it' tried instead on input line 724.
LaTeX Font Info:    Font shape `OT1/ptm/bx/n' in size <12> not available
(Font)              Font shape `OT1/ptm/b/n' tried instead on input line 724.
LaTeX Font Info:    Font shape `OT1/ptm/bx/it' in size <12> not available
(Font)              Font shape `OT1/ptm/b/it' tried instead on input line 724.
LaTeX Font Info:    Font shape `OT1/ptm/bx/n' in size <17> not available
(Font)              Font shape `OT1/ptm/b/n' tried instead on input line 724.
LaTeX Font Info:    Font shape `OT1/ptm/bx/it' in size <17> not available
(Font)              Font shape `OT1/ptm/b/it' tried instead on input line 724.
LaTeX Font Info:    Font shape `OT1/ptm/bx/n' in size <20> not available
(Font)              Font shape `OT1/ptm/b/n' tried instead on input line 724.
LaTeX Font Info:    Font shape `OT1/ptm/bx/it' in size <20> not available
(Font)              Font shape `OT1/ptm/b/it' tried instead on input line 724.
LaTeX Font Info:    Font shape `OT1/ptm/bx/n' in size <24> not available
(Font)              Font shape `OT1/ptm/b/n' tried instead on input line 724.
LaTeX Font Info:    Font shape `OT1/ptm/bx/it' in size <24> not available
(Font)              Font shape `OT1/ptm/b/it' tried instead on input line 724.
\IEEEilabelindentA=\dimen108
\IEEEilabelindentB=\dimen109
\IEEEilabelindent=\dimen110
\IEEEelabelindent=\dimen111
\IEEEdlabelindent=\dimen112
\IEEElabelindent=\dimen113
\IEEEiednormlabelsep=\dimen114
\IEEEiedmathlabelsep=\dimen115
\IEEEiedtopsep=\skip41
\c@section=\count82
\c@subsection=\count83
\c@subsubsection=\count84
\c@paragraph=\count85
\c@IEEEsubequation=\count86
\abovecaptionskip=\skip42
\belowcaptionskip=\skip43
\c@figure=\count87
\c@table=\count88
\@IEEEeqnnumcols=\count89
\@IEEEeqncolcnt=\count90
\@IEEEtmpitemindent=\dimen116
\c@IEEEbiography=\count91
\@IEEEtranrubishbin=\box26
)

! LaTeX Error: Missing \begin{document}.

See the LaTeX manual or LaTeX Companion for explanation.
Type  H <return>  for immediate help.
 ...                                              
                                                  
l.3 <
     <<<<<< HEAD
You're in trouble here.  Try typing  <return>  to proceed.
If that doesn't work, type  X <return>  to quit.

(/usr/local/texlive/2018/texmf-dist/tex/latex/natbib/bibentry.sty
Package: bibentry 2007/10/30 1.5 (PWD)
)
(/usr/local/texlive/2018/texmf-dist/tex/latex/xcolor/xcolor.sty
Package: xcolor 2016/05/11 v2.12 LaTeX color extensions (UK)

(/usr/local/texlive/2018/texmf-dist/tex/latex/graphics-cfg/color.cfg
Overfull \hbox (18.26859pt too wide) in paragraph at lines 3--2
[]\OT1/ptm/m/n/10 <<<<<<< HEAD                                                 
                                          
 []

File: color.cfg 2016/01/02 v1.6 sample color configuration
)
Package xcolor Info: Driver file: pdftex.def on input line 225.
 (/usr/local/texlive/2018/texmf-dist/tex/latex/graphics-def/pdftex.def
File: pdftex.def 2018/01/08 v1.0l Graphics/color driver for pdftex
)
Package xcolor Info: Model `cmy' substituted by `cmy0' on input line 1348.
Package xcolor Info: Model `hsb' substituted by `rgb' on input line 1352.
Package xcolor Info: Model `RGB' extended on input line 1364.
Package xcolor Info: Model `HTML' substituted by `rgb' on input line 1366.
Package xcolor Info: Model `Hsb' substituted by `hsb' on input line 1367.
Package xcolor Info: Model `tHsb' substituted by `hsb' on input line 1368.
Package xcolor Info: Model `HSB' substituted by `hsb' on input line 1369.
Package xcolor Info: Model `Gray' substituted by `gray' on input line 1370.
Package xcolor Info: Model `wave' substituted by `hsb' on input line 1371.
)
(/usr/local/texlive/2018/texmf-dist/tex/latex/soul/soul.sty
Package: soul 2003/11/17 v2.4 letterspacing/underlining (mf)
\SOUL@word=\toks15
\SOUL@lasttoken=\toks16
\SOUL@cmds=\toks17
\SOUL@buffer=\toks18
\SOUL@token=\toks19
\SOUL@spaceskip=\skip44
\SOUL@ttwidth=\dimen117
\SOUL@uldp=\dimen118
\SOUL@ulht=\dimen119
)
(/usr/local/texlive/2018/texmf-dist/tex/latex/framed/framed.sty
Package: framed 2011/10/22 v 0.96: framed or shaded text with page breaks
\OuterFrameSep=\skip45
\fb@frw=\dimen120
\fb@frh=\dimen121
\FrameRule=\dimen122
\FrameSep=\dimen123
)

! LaTeX Error: Missing \begin{document}.

See the LaTeX manual or LaTeX Companion for explanation.
Type  H <return>  for immediate help.
 ...                                              
                                                  
l.7 =
     ======
You're in trouble here.  Try typing  <return>  to proceed.
If that doesn't work, type  X <return>  to quit.


Overfull \hbox (27.55817pt too wide) in paragraph at lines 7--10
[]\OT1/ptm/m/n/10 ======= >>>>>>> d29ad8b688a92e7d867ede9e8bcb4547bcc5851c 
 []

(/usr/local/texlive/2018/texmf-dist/tex/latex/graphics/graphicx.sty
Package: graphicx 2017/06/01 v1.1a Enhanced LaTeX Graphics (DPC,SPQR)

(/usr/local/texlive/2018/texmf-dist/tex/latex/graphics/keyval.sty
Package: keyval 2014/10/28 v1.15 key=value parser (DPC)
\KV@toks@=\toks20
)
(/usr/local/texlive/2018/texmf-dist/tex/latex/graphics/graphics.sty
Package: graphics 2017/06/25 v1.2c Standard LaTeX Graphics (DPC,SPQR)

(/usr/local/texlive/2018/texmf-dist/tex/latex/graphics/trig.sty
Package: trig 2016/01/03 v1.10 sin cos tan (DPC)
)
(/usr/local/texlive/2018/texmf-dist/tex/latex/graphics-cfg/graphics.cfg
File: graphics.cfg 2016/06/04 v1.11 sample graphics configuration
)
Package graphics Info: Driver file: pdftex.def on input line 99.
)
\Gin@req@height=\dimen124
\Gin@req@width=\dimen125
)
(/usr/local/texlive/2018/texmf-dist/tex/latex/amsmath/amsmath.sty
Package: amsmath 2017/09/02 v2.17a AMS math features
\@mathmargin=\skip46

For additional information on amsmath, use the `?' option.
(/usr/local/texlive/2018/texmf-dist/tex/latex/amsmath/amstext.sty
Package: amstext 2000/06/29 v2.01 AMS text

(/usr/local/texlive/2018/texmf-dist/tex/latex/amsmath/amsgen.sty
File: amsgen.sty 1999/11/30 v2.0 generic functions
\@emptytoks=\toks21
\ex@=\dimen126
))
(/usr/local/texlive/2018/texmf-dist/tex/latex/amsmath/amsbsy.sty
Package: amsbsy 1999/11/29 v1.2d Bold Symbols
\pmbraise@=\dimen127
)
(/usr/local/texlive/2018/texmf-dist/tex/latex/amsmath/amsopn.sty
Package: amsopn 2016/03/08 v2.02 operator names
)
\inf@bad=\count92
LaTeX Info: Redefining \frac on input line 213.
\uproot@=\count93
\leftroot@=\count94
LaTeX Info: Redefining \overline on input line 375.
\classnum@=\count95
\DOTSCASE@=\count96
LaTeX Info: Redefining \ldots on input line 472.
LaTeX Info: Redefining \dots on input line 475.
LaTeX Info: Redefining \cdots on input line 596.
\Mathstrutbox@=\box27
\strutbox@=\box28
\big@size=\dimen128
LaTeX Font Info:    Redeclaring font encoding OML on input line 712.
LaTeX Font Info:    Redeclaring font encoding OMS on input line 713.
\macc@depth=\count97
\c@MaxMatrixCols=\count98
\dotsspace@=\muskip10
\c@parentequation=\count99
\dspbrk@lvl=\count100
\tag@help=\toks22
\row@=\count101
\column@=\count102
\maxfields@=\count103
\andhelp@=\toks23
\eqnshift@=\dimen129
\alignsep@=\dimen130
\tagshift@=\dimen131
\tagwidth@=\dimen132
\totwidth@=\dimen133
\lineht@=\dimen134
\@envbody=\toks24
\multlinegap=\skip47
\multlinetaggap=\skip48
\mathdisplay@stack=\toks25
LaTeX Info: Redefining \[ on input line 2817.
LaTeX Info: Redefining \] on input line 2818.
)
(/usr/local/texlive/2018/texmf-dist/tex/latex/tools/array.sty
Package: array 2018/04/07 v2.4g Tabular extension package (FMi)
\col@sep=\dimen135
\ar@mcellbox=\box29
\extrarowheight=\dimen136
\NC@list=\toks26
\extratabsurround=\skip49
\backup@length=\skip50
\ar@cellbox=\box30
)
(/usr/local/texlive/2018/texmf-dist/tex/latex/mdwtools/mdwmath.sty
Package: mdwmath 1996/04/11 1.1 Nice mathematical things
\sq@sqrt=\count104
LaTeX Info: Redefining \sqrt on input line 84.
)
(/usr/local/texlive/2018/texmf-dist/tex/latex/mdwtools/mdwtab.sty
Package: mdwtab 1998/04/28 1.9 Table typesetting with style
\tab@state=\count105
\tab@columns=\count106
\tab@preamble=\toks27
\tab@shortline=\toks28
\extrarowheight=\dimen137
\tabextrasep=\dimen138
\arrayextrasep=\dimen139
\smarraycolsep=\dimen140
\smarrayextrasep=\dimen141
\tab@width=\dimen142
\col@sep=\dimen143
\tab@endheight=\dimen144
\tab@leftskip=\skip51
\tab@rightskip=\skip52
\fn@notes=\box31
\fn@width=\dimen145
)
(/usr/local/texlive/2018/texmf-dist/tex/latex/eqparbox/eqparbox.sty
Package: eqparbox 2017/09/03 v4.1 Create equal-widthed boxes
\eqp@tempdima=\skip53
\eqp@tempdimb=\skip54
\eqp@tabular@box=\box32
\eqp@list@box=\box33
\eqp@list@indent=\skip55

(/usr/local/texlive/2018/texmf-dist/tex/latex/environ/environ.sty
Package: environ 2014/05/04 v0.3 A new way to define environments

(/usr/local/texlive/2018/texmf-dist/tex/latex/trimspaces/trimspaces.sty
Package: trimspaces 2009/09/17 v1.1 Trim spaces around a token list
)))
(/usr/local/texlive/2018/texmf-dist/tex/latex/url/url.sty
\Urlmuskip=\muskip11
Package: url 2013/09/16  ver 3.4  Verb mode for urls, etc.
) (./MTT_reveyrand.aux)
Runaway argument?
{\contentsline {figure}{\numberline {11}{\ignorespaces \texthl 
! File ended while scanning use of \@writefile.
<inserted text> 
                \par 
l.32 \begin{document}
                     
I suspect you have forgotten a `}', causing me
to read past where you wanted me to stop.
I'll try to recover; but if the error is serious,
you'd better type `E' or `X' now and fix your file.

\openout1 = `MTT_reveyrand.aux'.

LaTeX Font Info:    Checking defaults for OML/cmm/m/it on input line 32.
LaTeX Font Info:    ... okay on input line 32.
LaTeX Font Info:    Checking defaults for T1/cmr/m/n on input line 32.
LaTeX Font Info:    ... okay on input line 32.
LaTeX Font Info:    Checking defaults for OT1/cmr/m/n on input line 32.
LaTeX Font Info:    ... okay on input line 32.
LaTeX Font Info:    Checking defaults for OMS/cmsy/m/n on input line 32.
LaTeX Font Info:    ... okay on input line 32.
LaTeX Font Info:    Checking defaults for OMX/cmex/m/n on input line 32.
LaTeX Font Info:    ... okay on input line 32.
LaTeX Font Info:    Checking defaults for U/cmr/m/n on input line 32.
LaTeX Font Info:    ... okay on input line 32.
(/usr/local/texlive/2018/texmf-dist/tex/context/base/mkii/supp-pdf.mkii
[Loading MPS to PDF converter (version 2006.09.02).]
\scratchcounter=\count107
\scratchdimen=\dimen146
\scratchbox=\box34
\nofMPsegments=\count108
\nofMParguments=\count109
\everyMPshowfont=\toks29
\MPscratchCnt=\count110
\MPscratchDim=\dimen147
\MPnumerator=\count111
\makeMPintoPDFobject=\count112
\everyMPtoPDFconversion=\toks30
) (/usr/local/texlive/2018/texmf-dist/tex/latex/oberdiek/epstopdf-base.sty
Package: epstopdf-base 2016/05/15 v2.6 Base part for package epstopdf

(/usr/local/texlive/2018/texmf-dist/tex/generic/oberdiek/infwarerr.sty
Package: infwarerr 2016/05/16 v1.4 Providing info/warning/error messages (HO)
)
(/usr/local/texlive/2018/texmf-dist/tex/latex/oberdiek/grfext.sty
Package: grfext 2016/05/16 v1.2 Manage graphics extensions (HO)

(/usr/local/texlive/2018/texmf-dist/tex/generic/oberdiek/kvdefinekeys.sty
Package: kvdefinekeys 2016/05/16 v1.4 Define keys (HO)

(/usr/local/texlive/2018/texmf-dist/tex/generic/oberdiek/ltxcmds.sty
Package: ltxcmds 2016/05/16 v1.23 LaTeX kernel commands for general use (HO)
)))
(/usr/local/texlive/2018/texmf-dist/tex/latex/oberdiek/kvoptions.sty
Package: kvoptions 2016/05/16 v3.12 Key value format for package options (HO)

(/usr/local/texlive/2018/texmf-dist/tex/generic/oberdiek/kvsetkeys.sty
Package: kvsetkeys 2016/05/16 v1.17 Key value parser (HO)

(/usr/local/texlive/2018/texmf-dist/tex/generic/oberdiek/etexcmds.sty
Package: etexcmds 2016/05/16 v1.6 Avoid name clashes with e-TeX commands (HO)

(/usr/local/texlive/2018/texmf-dist/tex/generic/oberdiek/ifluatex.sty
Package: ifluatex 2016/05/16 v1.4 Provides the ifluatex switch (HO)
Package ifluatex Info: LuaTeX not detected.
)
Package etexcmds Info: Could not find \expanded.
(etexcmds)             That can mean that you are not using pdfTeX 1.50 or
(etexcmds)             that some package has redefined \expanded.
(etexcmds)             In the latter case, load this package earlier.
)))
(/usr/local/texlive/2018/texmf-dist/tex/generic/oberdiek/pdftexcmds.sty
Package: pdftexcmds 2018/01/30 v0.27 Utility functions of pdfTeX for LuaTeX (HO
)

(/usr/local/texlive/2018/texmf-dist/tex/generic/oberdiek/ifpdf.sty
Package: ifpdf 2017/03/15 v3.2 Provides the ifpdf switch
)
Package pdftexcmds Info: LuaTeX not detected.
Package pdftexcmds Info: \pdf@primitive is available.
Package pdftexcmds Info: \pdf@ifprimitive is available.
Package pdftexcmds Info: \pdfdraftmode found.
)
Package epstopdf-base Info: Redefining graphics rule for `.eps' on input line 4
38.
Package grfext Info: Graphics extension search list:
(grfext)             [.pdf,.jpeg,.png,.eps]
(grfext)             \AppendGraphicsExtensions on input line 456.

(/usr/local/texlive/2018/texmf-dist/tex/latex/latexconfig/epstopdf-sys.cfg
File: epstopdf-sys.cfg 2010/07/13 v1.3 Configuration of (r)epstopdf for TeX Liv
e
))
[1{/usr/local/texlive/2018/texmf-var/fonts/map/pdftex/updmap/pdftex.map}


]
LaTeX Font Info:    External font `cmex10' loaded for size
(Font)              <9> on input line 68.
LaTeX Font Info:    External font `cmex10' loaded for size
(Font)              <6> on input line 68.
LaTeX Font Info:    External font `cmex10' loaded for size
(Font)              <5> on input line 68.


LaTeX Warning: Citation `RN1' on page 2 undefined on input line 70.

[2

]
Underfull \vbox (badness 10000) has occurred while \output is active []

 [3]

LaTeX Warning: Citation `RN1' on page 4 undefined on input line 145.


LaTeX Warning: Reference `score_reviews_ratio' on page 4 undefined on input lin
e 147.


LaTeX Warning: Citation `tesla' on page 4 undefined on input line 151.


LaTeX Warning: Citation `early_rect1' on page 4 undefined on input line 151.


LaTeX Warning: Citation `early_rect2' on page 4 undefined on input line 151.


LaTeX Warning: Citation `converter_history' on page 4 undefined on input line 1
51.


LaTeX Warning: Citation `purdue_rect' on page 4 undefined on input line 151.


LaTeX Warning: Citation `brown_rect1' on page 4 undefined on input line 151.


LaTeX Warning: Citation `brown_rect2' on page 4 undefined on input line 151.


LaTeX Warning: Citation `nasa_report1' on page 4 undefined on input line 151.


LaTeX Warning: Citation `cyclotron_rect1' on page 4 undefined on input line 153
.


LaTeX Warning: Citation `cyclotron_rect2' on page 4 undefined on input line 153
.


LaTeX Warning: Citation `brown1_1970' on page 4 undefined on input line 153.


LaTeX Warning: Citation `brown3_1970' on page 4 undefined on input line 153.


LaTeX Warning: Citation `brown' on page 4 undefined on input line 153.


LaTeX Warning: Citation `rect_power_combine' on page 4 undefined on input line 
153.


! Package xcolor Error: Undefined color `shadecolor'.

See the xcolor package documentation for explanation.
Type  H <return>  for immediate help.
 ...                                              
                                                  
l.154 \begin{shaded}
                    
Try typing  <return>  to proceed.
If that doesn't work, type  X <return>  to quit.


LaTeX Warning: Citation `erezMTT2012' on page 4 undefined on input line 155.


LaTeX Warning: Citation `hagerty' on page 4 undefined on input line 155.


LaTeX Warning: Citation `erez_thesis' on page 4 undefined on input line 155.


LaTeX Warning: Citation `asbeck' on page 4 undefined on input line 155.


LaTeX Warning: Citation `4500dcdc' on page 4 undefined on input line 155.


LaTeX Warning: Citation `JoseIMS-rect' on page 4 undefined on input line 155.


LaTeX Warning: Citation `rectifier_harmonic_generation' on page 4 undefined on 
input line 155.


LaTeX Warning: Citation `low_cost_rectenna' on page 4 undefined on input line 1
55.


LaTeX Warning: Citation `JoseIMS-rect' on page 4 undefined on input line 155.

LaTeX Font Info:    External font `cmex10' loaded for size
(Font)              <7> on input line 155.

LaTeX Warning: Citation `Jose-DC-DC-IMS' on page 4 undefined on input line 155.



LaTeX Warning: Citation `Kaz' on page 4 undefined on input line 155.


! Package xcolor Error: Undefined color `shadecolor'.

See the xcolor package documentation for explanation.
Type  H <return>  for immediate help.
 ...                                              
                                                  
l.156 \end{shaded}
                  
Try typing  <return>  to proceed.
If that doesn't work, type  X <return>  to quit.


! Package xcolor Error: Undefined color `shadecolor'.

See the xcolor package documentation for explanation.
Type  H <return>  for immediate help.
 ...                                              
                                                  
l.156 \end{shaded}
                  
Try typing  <return>  to proceed.
If that doesn't work, type  X <return>  to quit.


! Package xcolor Error: Undefined color `shadecolor'.

See the xcolor package documentation for explanation.
Type  H <return>  for immediate help.
 ...                                              
                                                  
l.156 \end{shaded}
                  
Try typing  <return>  to proceed.
If that doesn't work, type  X <return>  to quit.

[4]

! Package xcolor Error: Undefined color `shadecolor'.

See the xcolor package documentation for explanation.
Type  H <return>  for immediate help.
 ...                                              
                                                  
l.156 \end{shaded}
                  
Try typing  <return>  to proceed.
If that doesn't work, type  X <return>  to quit.


! Package xcolor Error: Undefined color `shadecolor'.

See the xcolor package documentation for explanation.
Type  H <return>  for immediate help.
 ...                                              
                                                  
l.156 \end{shaded}
                  
Try typing  <return>  to proceed.
If that doesn't work, type  X <return>  to quit.


LaTeX Warning: Citation `raab01_finiteharmonics' on page 5 undefined on input l
ine 157.


LaTeX Warning: Citation `raab02_PAoverview' on page 5 undefined on input line 1
57.


LaTeX Warning: Citation `kee_rutledge' on page 5 undefined on input line 157.


LaTeX Warning: Citation `roberg2011' on page 5 undefined on input line 157.


LaTeX Warning: Citation `robergIMS2012' on page 5 undefined on input line 157.

<pdf/01.pdf, id=22, 568.1214pt x 187.60419pt>
File: pdf/01.pdf Graphic file (type pdf)
<use pdf/01.pdf>
Package pdftex.def Info: pdf/01.pdf  used on input line 173.
(pdftex.def)             Requested size: 252.94499pt x 83.52795pt.

Overfull \hbox (0.94499pt too wide) in paragraph at lines 173--173
 [] 
 []

LaTeX Font Info:    External font `cmex10' loaded for size
(Font)              <8> on input line 174.
[5 <./pdf/01.pdf>]
LaTeX Font Info:    Try loading font information for OMS+ptm on input line 235.


(/usr/local/texlive/2018/texmf-dist/tex/latex/psnfss/omsptm.fd
File: omsptm.fd 
)
LaTeX Font Info:    Font shape `OMS/ptm/m/n' in size <7> not available
(Font)              Font shape `OMS/cmsy/m/n' tried instead on input line 235.
<pdf/02.pdf, id=43, 512.91624pt x 371.3875pt>
File: pdf/02.pdf Graphic file (type pdf)
<use pdf/02.pdf>
Package pdftex.def Info: pdf/02.pdf  used on input line 245.
(pdftex.def)             Requested size: 202.35622pt x 146.51794pt.
<pdf/03.pdf, id=44, 562.8631pt x 375.32222pt>
File: pdf/03.pdf Graphic file (type pdf)
<use pdf/03.pdf>
Package pdftex.def Info: pdf/03.pdf  used on input line 254.
(pdftex.def)             Requested size: 252.94499pt x 168.66435pt.

Overfull \hbox (0.94499pt too wide) in paragraph at lines 254--256
 [] 
 []

[6 <./pdf/02.pdf> <./pdf/03.pdf>]
<pdf/04.pdf, id=120, 557.80423pt x 371.82915pt>
File: pdf/04.pdf Graphic file (type pdf)
<use pdf/04.pdf>
Package pdftex.def Info: pdf/04.pdf  used on input line 330.
(pdftex.def)             Requested size: 252.94499pt x 168.60948pt.

Overfull \hbox (0.94499pt too wide) in paragraph at lines 330--332
 [] 
 []


Underfull \hbox (badness 1769) in paragraph at lines 336--337
\OT1/ptm/m/n/10 old volt-age are next in-ves-ti-gated as-sum-ing the rec-ti-fie
r
 []

<pdf/05.pdf, id=121, 506.89375pt x 366.36874pt>
File: pdf/05.pdf Graphic file (type pdf)
<use pdf/05.pdf>
Package pdftex.def Info: pdf/05.pdf  used on input line 357.
(pdftex.def)             Requested size: 216.81pt x 156.70253pt.

LaTeX Warning: Reference `finv_vf0_comp_5' on page 7 undefined on input line 37
7.


LaTeX Warning: Reference `finv_if0_comp_2' on page 7 undefined on input line 37
7.

[7 <./pdf/04.pdf> <./pdf/05.pdf>]

LaTeX Warning: Reference `finv_idc_comp_3' on page 8 undefined on input line 41
2.

<pdf/06.pdf, id=181, 389.455pt x 200.75pt>
File: pdf/06.pdf Graphic file (type pdf)
<use pdf/06.pdf>
Package pdftex.def Info: pdf/06.pdf  used on input line 432.
(pdftex.def)             Requested size: 216.81pt x 111.75757pt.
<pdf/07.pdf, id=182, 420.57124pt x 316.18124pt>
File: pdf/07.pdf Graphic file (type pdf)
<use pdf/07.pdf>
Package pdftex.def Info: pdf/07.pdf  used on input line 442.
(pdftex.def)             Requested size: 252.94499pt x 190.16371pt.

Overfull \hbox (0.94499pt too wide) in paragraph at lines 442--442
 [] 
 []


LaTeX Warning: Citation `robergIMS2012' on page 8 undefined on input line 456.


LaTeX Warning: Citation `robergIMS2012' on page 8 undefined on input line 456.


Underfull \vbox (badness 6792) has occurred while \output is active []

 [8 <./pdf/06.pdf> <./pdf/07.pdf>]

LaTeX Warning: Citation `gan_pa_letter' on page 9 undefined on input line 480.

<pdf/08.pdf, id=232, 285.065pt x 199.74625pt>
File: pdf/08.pdf Graphic file (type pdf)
<use pdf/08.pdf>
Package pdftex.def Info: pdf/08.pdf  used on input line 485.
(pdftex.def)             Requested size: 216.81pt x 151.91844pt.

LaTeX Warning: Citation `gan_pa_letter' on page 9 undefined on input line 486.


LaTeX Warning: Citation `gan_pa_letter' on page 9 undefined on input line 486.

<pdf/09.pdf, id=233, 541.02126pt x 365.365pt>
File: pdf/09.pdf Graphic file (type pdf)
<use pdf/09.pdf>
Package pdftex.def Info: pdf/09.pdf  used on input line 494.
(pdftex.def)             Requested size: 216.81pt x 146.41658pt.

LaTeX Warning: Citation `SWAP' on page 9 undefined on input line 510.


LaTeX Warning: Citation `verspecht' on page 9 undefined on input line 510.


LaTeX Warning: Citation `switch' on page 9 undefined on input line 510.


LaTeX Warning: Citation `faraj_arftg_2012' on page 9 undefined on input line 51
0.

<pdf/10.pdf, id=234, 715.67375pt x 474.77374pt>
File: pdf/10.pdf Graphic file (type pdf)
<use pdf/10.pdf>
Package pdftex.def Info: pdf/10.pdf  used on input line 518.
(pdftex.def)             Requested size: 252.94499pt x 167.79605pt.

Overfull \hbox (0.94499pt too wide) in paragraph at lines 518--519
 [][] 
 []


LaTeX Warning: Citation `SWAP' on page 9 undefined on input line 519.


LaTeX Warning: Citation `SWAP' on page 9 undefined on input line 519.


LaTeX Warning: Citation `JoseIMS-rect' on page 9 undefined on input line 525.


LaTeX Warning: Citation `Kaz' on page 9 undefined on input line 525.


Underfull \vbox (badness 10000) has occurred while \output is active []

 [9 <./pdf/08.pdf> <./pdf/09.pdf> <./pdf/10.pdf>]

LaTeX Warning: Reference `time-domain' on page 10 undefined on input line 534.

<pdf/11.png, id=258, 1377.145pt x 867.24pt>
File: pdf/11.png Graphic file (type png)
<use pdf/11.png>
Package pdftex.def Info: pdf/11.png  used on input line 539.
(pdftex.def)             Requested size: 245.71754pt x 154.73346pt.

Underfull \hbox (badness 7030) in paragraph at lines 540--540
\OT1/ptm/m/n/8 Fig. 11.   []Time[]-[]do[]-[]main[] [][][]wave[]-[]forms[] [][][
]mea[]-[]sured[] [][][]at[] [][][]drain[] [][][](a)[] [][][]and[]
 []


Underfull \hbox (badness 4531) in paragraph at lines 540--540
[][][]\OT1/ptm/m/n/8 gate[] [][][](b)[] [][][]of[] [][][]the[] [][][]rec[]-[]ti
[]-[]fier[] [][][]with[] [][][][]V,[] [][][][][][] [][][]and[]
 []


LaTeX Warning: Reference `MEAS_LP_sweep' on page 10 undefined on input line 544
.


LaTeX Warning: Reference `MEAS_LP_sweep' on page 10 undefined on input line 544
.


LaTeX Warning: Reference `MEAS_LP_sweep' on page 10 undefined on input line 544
.

<pdf/12.pdf, id=260, 1068.99374pt x 808.01875pt>
File: pdf/12.pdf Graphic file (type pdf)
<use pdf/12.pdf>
Package pdftex.def Info: pdf/12.pdf  used on input line 555.
(pdftex.def)             Requested size: 245.71754pt x 185.72943pt.

LaTeX Warning: Reference `Rd_sweep_final' on page 10 undefined on input line 56
9.


LaTeX Warning: Reference `Rd_sweep_Zin' on page 10 undefined on input line 569.


<pdf/13.pdf, id=261, 549.05125pt x 374.39874pt>
File: pdf/13.pdf Graphic file (type pdf)
<use pdf/13.pdf>
Package pdftex.def Info: pdf/13.pdf  used on input line 574.
(pdftex.def)             Requested size: 245.71754pt x 167.55238pt.
<pdf/14.pdf, id=262, 427.5975pt x 290.08376pt>
File: pdf/14.pdf Graphic file (type pdf)
<use pdf/14.pdf>
Package pdftex.def Info: pdf/14.pdf  used on input line 583.
(pdftex.def)             Requested size: 216.81pt x 147.08205pt.

LaTeX Warning: Reference `VG_sweep_final' on page 10 undefined on input line 59
4.

<pdf/15.pdf, id=263, 579.16376pt x 373.395pt>
File: pdf/15.pdf Graphic file (type pdf)
<use pdf/15.pdf>
Package pdftex.def Info: pdf/15.pdf  used on input line 600.
(pdftex.def)             Requested size: 245.71754pt x 158.41444pt.

LaTeX Warning: Citation `brown_rect2' on page 10 undefined on input line 698.


LaTeX Warning: Citation `asbeck' on page 10 undefined on input line 698.


LaTeX Warning: Citation `4500dcdc' on page 10 undefined on input line 698.

[10 <./pdf/11.png> <./pdf/12.pdf>]

LaTeX Warning: Citation `roberg_phd' on page 11 undefined 